<?xml version="1.0" encoding="UTF-8"?>
<testng-results skipped="0" failed="0" ignored="0" total="1" passed="1">
  <reporter-output>
  </reporter-output>
  <suite name="Default suite" duration-ms="1376" started-at="2020-04-28T10:35:00Z" finished-at="2020-04-28T10:35:01Z">
    <groups>
    </groups>
    <test name="Default test" duration-ms="1376" started-at="2020-04-28T10:35:00Z" finished-at="2020-04-28T10:35:01Z">
      <class name="com.api.test.RestApiTest">
        <test-method status="PASS" signature="setUp()[pri:0, instance:com.api.test.RestApiTest@7f77e91b]" name="setUp" is-config="true" duration-ms="11" started-at="2020-04-28T16:05:00Z" finished-at="2020-04-28T16:05:00Z">
          <reporter-output>
          </reporter-output>
        </test-method> <!-- setUp -->
        <test-method status="PASS" signature="callGet()[pri:0, instance:com.api.test.RestApiTest@7f77e91b]" name="callGet" duration-ms="1313" started-at="2020-04-28T16:05:00Z" finished-at="2020-04-28T16:05:01Z">
          <reporter-output>
          </reporter-output>
        </test-method> <!-- callGet -->
      </class> <!-- com.api.test.RestApiTest -->
    </test> <!-- Default test -->
  </suite> <!-- Default suite -->
</testng-results>
